<?xml version="1.0" ?>
<coverage version="7.13.4" timestamp="1772843531637" lines-valid="303" lines-covered="169" line-rate="0.5578" branches-valid="56" branches-covered="1" branch-rate="0.01786" complexity="0">
	<!-- Generated by coverage.py: https://coverage.readthedocs.io/en/7.13.4 -->
	<!-- Based on https://raw.githubusercontent.com/cobertura/web/master/htdocs/xml/coverage-04.dtd -->
	<sources>
		<source>/app/apis</source>
		<source>/app/core</source>
		<source>/app/utils</source>
	</sources>
	<packages>
		<package name="." line-rate="0.4531" branch-rate="0.05" complexity="0">
			<classes>
				<class name="filters.py" filename="filters.py" complexity="0" line-rate="0" branch-rate="0">
					<methods/>
					<lines>
						<line number="1" hits="0"/>
						<line number="3" hits="0"/>
						<line number="6" hits="0"/>
						<line number="7" hits="0" branch="true" condition-coverage="0% (0/2)" missing-branches="8,9"/>
						<line number="8" hits="0"/>
						<line number="9" hits="0" branch="true" condition-coverage="0% (0/2)" missing-branches="10,11"/>
						<line number="10" hits="0"/>
						<line number="11" hits="0" branch="true" condition-coverage="0% (0/2)" missing-branches="12,13"/>
						<line number="12" hits="0"/>
						<line number="13" hits="0" branch="true" condition-coverage="0% (0/2)" missing-branches="14,15"/>
						<line number="14" hits="0"/>
						<line number="15" hits="0" branch="true" condition-coverage="0% (0/2)" missing-branches="16,17"/>
						<line number="16" hits="0"/>
						<line number="17" hits="0" branch="true" condition-coverage="0% (0/2)" missing-branches="18,19"/>
						<line number="18" hits="0"/>
						<line number="19" hits="0" branch="true" condition-coverage="0% (0/2)" missing-branches="20,21"/>
						<line number="20" hits="0"/>
						<line number="21" hits="0" branch="true" condition-coverage="0% (0/2)" missing-branches="22,23"/>
						<line number="22" hits="0"/>
						<line number="23" hits="0" branch="true" condition-coverage="0% (0/2)" missing-branches="24,25"/>
						<line number="24" hits="0"/>
						<line number="25" hits="0"/>
					</lines>
				</class>
				<class name="hashing.py" filename="hashing.py" complexity="0" line-rate="0.8333" branch-rate="1">
					<methods/>
					<lines>
						<line number="1" hits="1"/>
						<line number="3" hits="1"/>
						<line number="6" hits="1"/>
						<line number="7" hits="1"/>
						<line number="10" hits="1"/>
						<line number="11" hits="0"/>
					</lines>
				</class>
				<class name="pagination.py" filename="pagination.py" complexity="0" line-rate="0" branch-rate="1">
					<methods/>
					<lines>
						<line number="1" hits="0"/>
						<line number="3" hits="0"/>
						<line number="6" hits="0"/>
						<line number="7" hits="0"/>
						<line number="10" hits="0"/>
						<line number="11" hits="0"/>
						<line number="12" hits="0"/>
					</lines>
				</class>
				<class name="security.py" filename="security.py" complexity="0" line-rate="0.8276" branch-rate="0.5">
					<methods/>
					<lines>
						<line number="1" hits="1"/>
						<line number="3" hits="1"/>
						<line number="4" hits="1"/>
						<line number="6" hits="1"/>
						<line number="8" hits="1"/>
						<line number="11" hits="1"/>
						<line number="12" hits="1"/>
						<line number="15" hits="1"/>
						<line number="16" hits="1"/>
						<line number="19" hits="1"/>
						<line number="20" hits="1"/>
						<line number="21" hits="1"/>
						<line number="27" hits="1"/>
						<line number="30" hits="1"/>
						<line number="31" hits="1"/>
						<line number="32" hits="1"/>
						<line number="35" hits="1"/>
						<line number="36" hits="1"/>
						<line number="37" hits="1"/>
						<line number="40" hits="1"/>
						<line number="41" hits="1"/>
						<line number="42" hits="1"/>
						<line number="43" hits="0"/>
						<line number="44" hits="0"/>
						<line number="45" hits="0"/>
						<line number="46" hits="0"/>
						<line number="48" hits="1" branch="true" condition-coverage="50% (1/2)" missing-branches="49"/>
						<line number="49" hits="0"/>
						<line number="50" hits="1"/>
					</lines>
				</class>
			</classes>
		</package>
		<package name="v1" line-rate="0.5858" branch-rate="0" complexity="0">
			<classes>
				<class name="base.py" filename="v1/base.py" complexity="0" line-rate="1" branch-rate="1">
					<methods/>
					<lines>
						<line number="1" hits="1"/>
						<line number="3" hits="1"/>
						<line number="4" hits="1"/>
						<line number="6" hits="1"/>
						<line number="7" hits="1"/>
						<line number="8" hits="1"/>
					</lines>
				</class>
				<class name="route_auth.py" filename="v1/route_auth.py" complexity="0" line-rate="0.4746" branch-rate="0">
					<methods/>
					<lines>
						<line number="1" hits="1"/>
						<line number="3" hits="1"/>
						<line number="4" hits="1"/>
						<line number="6" hits="1"/>
						<line number="7" hits="1"/>
						<line number="8" hits="1"/>
						<line number="9" hits="1"/>
						<line number="10" hits="1"/>
						<line number="11" hits="1"/>
						<line number="12" hits="1"/>
						<line number="13" hits="1"/>
						<line number="15" hits="1"/>
						<line number="18" hits="1"/>
						<line number="19" hits="1"/>
						<line number="32" hits="1"/>
						<line number="40" hits="1"/>
						<line number="41" hits="1"/>
						<line number="42" hits="0" branch="true" condition-coverage="0% (0/2)" missing-branches="43,45"/>
						<line number="43" hits="0"/>
						<line number="45" hits="1"/>
						<line number="46" hits="0"/>
						<line number="47" hits="0"/>
						<line number="48" hits="0"/>
						<line number="56" hits="1"/>
						<line number="63" hits="1"/>
						<line number="64" hits="0"/>
						<line number="65" hits="0" branch="true" condition-coverage="0% (0/2)" missing-branches="66,72"/>
						<line number="66" hits="0"/>
						<line number="72" hits="0" branch="true" condition-coverage="0% (0/2)" missing-branches="73,75"/>
						<line number="73" hits="0"/>
						<line number="75" hits="0"/>
						<line number="76" hits="0"/>
						<line number="77" hits="0"/>
						<line number="85" hits="1"/>
						<line number="92" hits="1"/>
						<line number="93" hits="0"/>
						<line number="94" hits="0"/>
						<line number="95" hits="0"/>
						<line number="96" hits="0"/>
						<line number="98" hits="0" branch="true" condition-coverage="0% (0/2)" missing-branches="99,101"/>
						<line number="99" hits="0"/>
						<line number="101" hits="0"/>
						<line number="102" hits="0" branch="true" condition-coverage="0% (0/2)" missing-branches="103,105"/>
						<line number="103" hits="0"/>
						<line number="105" hits="0"/>
						<line number="106" hits="0"/>
						<line number="107" hits="0"/>
						<line number="110" hits="1"/>
						<line number="117" hits="1"/>
						<line number="118" hits="0"/>
						<line number="121" hits="1"/>
						<line number="128" hits="1"/>
						<line number="133" hits="0"/>
						<line number="134" hits="0" branch="true" condition-coverage="0% (0/2)" missing-branches="135,136"/>
						<line number="135" hits="0"/>
						<line number="136" hits="0"/>
						<line number="139" hits="1"/>
						<line number="146" hits="1"/>
						<line number="147" hits="0"/>
					</lines>
				</class>
				<class name="route_projects.py" filename="v1/route_projects.py" complexity="0" line-rate="0.6092" branch-rate="0">
					<methods/>
					<lines>
						<line number="1" hits="1"/>
						<line number="3" hits="1"/>
						<line number="4" hits="1"/>
						<line number="6" hits="1"/>
						<line number="7" hits="1"/>
						<line number="9" hits="1"/>
						<line number="10" hits="1"/>
						<line number="11" hits="1"/>
						<line number="20" hits="1"/>
						<line number="21" hits="1"/>
						<line number="22" hits="1"/>
						<line number="23" hits="1"/>
						<line number="33" hits="1"/>
						<line number="34" hits="1"/>
						<line number="36" hits="1"/>
						<line number="39" hits="1"/>
						<line number="40" hits="1"/>
						<line number="55" hits="1"/>
						<line number="56" hits="1"/>
						<line number="57" hits="1"/>
						<line number="74" hits="1"/>
						<line number="75" hits="1"/>
						<line number="76" hits="0" branch="true" condition-coverage="0% (0/2)" missing-branches="77,78"/>
						<line number="77" hits="0"/>
						<line number="78" hits="0"/>
						<line number="81" hits="1"/>
						<line number="88" hits="1"/>
						<line number="98" hits="1"/>
						<line number="99" hits="1"/>
						<line number="108" hits="0"/>
						<line number="109" hits="1"/>
						<line number="112" hits="1"/>
						<line number="120" hits="1"/>
						<line number="125" hits="1"/>
						<line number="126" hits="0"/>
						<line number="129" hits="1"/>
						<line number="136" hits="1"/>
						<line number="137" hits="1"/>
						<line number="138" hits="0"/>
						<line number="141" hits="1"/>
						<line number="148" hits="1"/>
						<line number="154" hits="1"/>
						<line number="155" hits="1"/>
						<line number="156" hits="0" branch="true" condition-coverage="0% (0/2)" missing-branches="157,158"/>
						<line number="157" hits="0"/>
						<line number="158" hits="0"/>
						<line number="161" hits="1"/>
						<line number="168" hits="1"/>
						<line number="169" hits="1"/>
						<line number="170" hits="1"/>
						<line number="171" hits="0" branch="true" condition-coverage="0% (0/2)" missing-branches="172,173"/>
						<line number="172" hits="0"/>
						<line number="173" hits="0"/>
						<line number="176" hits="1"/>
						<line number="177" hits="1"/>
						<line number="182" hits="0"/>
						<line number="183" hits="0"/>
						<line number="184" hits="0"/>
						<line number="187" hits="1"/>
						<line number="188" hits="1"/>
						<line number="189" hits="1"/>
						<line number="190" hits="1"/>
						<line number="191" hits="1"/>
						<line number="192" hits="0"/>
						<line number="195" hits="1"/>
						<line number="196" hits="1"/>
						<line number="202" hits="1"/>
						<line number="203" hits="1"/>
						<line number="204" hits="0" branch="true" condition-coverage="0% (0/2)" missing-branches="205,206"/>
						<line number="205" hits="0"/>
						<line number="206" hits="0"/>
						<line number="209" hits="1"/>
						<line number="216" hits="1"/>
						<line number="222" hits="1"/>
						<line number="223" hits="0" branch="true" condition-coverage="0% (0/2)" missing-branches="224,225"/>
						<line number="224" hits="0"/>
						<line number="225" hits="1"/>
						<line number="226" hits="0"/>
						<line number="229" hits="1"/>
						<line number="235" hits="1"/>
						<line number="241" hits="0"/>
						<line number="242" hits="0"/>
						<line number="243" hits="0"/>
						<line number="244" hits="0"/>
						<line number="245" hits="0"/>
						<line number="247" hits="0"/>
						<line number="262" hits="1"/>
						<line number="263" hits="1"/>
						<line number="269" hits="1"/>
						<line number="270" hits="1"/>
						<line number="271" hits="0" branch="true" condition-coverage="0% (0/2)" missing-branches="272,273"/>
						<line number="272" hits="0"/>
						<line number="273" hits="0"/>
						<line number="274" hits="0"/>
						<line number="281" hits="1"/>
						<line number="282" hits="1"/>
						<line number="288" hits="0"/>
						<line number="289" hits="0"/>
						<line number="290" hits="0" branch="true" condition-coverage="0% (0/2)" missing-branches="291,292"/>
						<line number="291" hits="0"/>
						<line number="292" hits="0"/>
						<line number="295" hits="1"/>
						<line number="296" hits="1"/>
						<line number="303" hits="0"/>
						<line number="304" hits="0"/>
						<line number="305" hits="0"/>
						<line number="306" hits="0"/>
						<line number="307" hits="0"/>
						<line number="308" hits="0"/>
						<line number="309" hits="0"/>
						<line number="312" hits="1"/>
						<line number="313" hits="1"/>
						<line number="319" hits="0"/>
						<line number="320" hits="0"/>
						<line number="321" hits="0"/>
						<line number="324" hits="1"/>
						<line number="325" hits="1"/>
						<line number="331" hits="0"/>
						<line number="332" hits="0"/>
						<line number="333" hits="0"/>
						<line number="334" hits="0"/>
						<line number="335" hits="0"/>
						<line number="336" hits="0" branch="true" condition-coverage="0% (0/2)" missing-branches="337,338"/>
						<line number="337" hits="0"/>
						<line number="338" hits="0"/>
						<line number="341" hits="1"/>
						<line number="342" hits="1"/>
						<line number="349" hits="1"/>
						<line number="350" hits="0"/>
						<line number="351" hits="1"/>
						<line number="352" hits="1"/>
						<line number="355" hits="1"/>
						<line number="356" hits="1"/>
						<line number="362" hits="1"/>
						<line number="363" hits="1"/>
						<line number="364" hits="0" branch="true" condition-coverage="0% (0/2)" missing-branches="365,366"/>
						<line number="365" hits="0"/>
						<line number="366" hits="0"/>
						<line number="369" hits="1"/>
						<line number="370" hits="1"/>
						<line number="376" hits="1"/>
						<line number="377" hits="1"/>
						<line number="378" hits="0" branch="true" condition-coverage="0% (0/2)" missing-branches="379,380"/>
						<line number="379" hits="0"/>
						<line number="380" hits="0"/>
						<line number="383" hits="1"/>
						<line number="384" hits="1"/>
						<line number="385" hits="1"/>
						<line number="386" hits="1"/>
						<line number="395" hits="0"/>
						<line number="398" hits="1"/>
						<line number="405" hits="1"/>
						<line number="406" hits="1"/>
						<line number="409" hits="1"/>
						<line number="410" hits="1"/>
						<line number="411" hits="1"/>
						<line number="414" hits="1"/>
						<line number="415" hits="1"/>
						<line number="416" hits="1"/>
						<line number="419" hits="1"/>
						<line number="420" hits="1"/>
						<line number="426" hits="1"/>
						<line number="427" hits="1"/>
						<line number="428" hits="0" branch="true" condition-coverage="0% (0/2)" missing-branches="429,430"/>
						<line number="429" hits="0"/>
						<line number="430" hits="1"/>
						<line number="431" hits="0"/>
						<line number="434" hits="1"/>
						<line number="435" hits="1"/>
						<line number="441" hits="1"/>
						<line number="442" hits="1"/>
						<line number="443" hits="0" branch="true" condition-coverage="0% (0/2)" missing-branches="444,445"/>
						<line number="444" hits="0"/>
						<line number="445" hits="1"/>
					</lines>
				</class>
			</classes>
		</package>
	</packages>
</coverage>
